<?xml version="1.0" encoding="UTF-8"?>
<!-- Generated by org.testng.reporters.JUnitXMLReporter -->
<testsuite ignored="2" hostname="Oprekin-PC" failures="0" tests="3" name="Test" time="115.77" errors="0" timestamp="2025-05-06T16:23:44 IST">
  <testcase classname="testpackage.logintest" name="datadriven" time="51.728"/>
  <testcase classname="testpackage.producttocarttest" name="mthd" time="17.943"/>
  <testcase classname="testpackage.checkoutpaymenttest" name="paymentclick" time="19.262"/>
  <testcase classname="basepackage.Baseclass" name="@BeforeTest setup" time="0.0">
    <ignored/>
  </testcase> <!-- @BeforeTest setup -->
  <testcase classname="basepackage.Baseclass" name="@BeforeTest setup" time="0.0">
    <ignored/>
  </testcase> <!-- @BeforeTest setup -->
</testsuite> <!-- Test -->
